<?xml version="1.0" encoding="UTF-8"?>
<!-- Generated by org.testng.reporters.JUnitReportReporter -->
<testsuite hostname="sivaguru" failures="0" tests="5" name="com.org.recipe.controller.RecipeControllerTest" time="0.253" errors="0" timestamp="9 Aug 2022 16:02:48 GMT">
  <testcase classname="com.org.recipe.controller.RecipeControllerTest" name="testDeleteReturn200" time="0.019"/>
  <testcase classname="com.org.recipe.controller.RecipeControllerTest" name="testCreateReturn201" time="0.171"/>
  <testcase classname="com.org.recipe.controller.RecipeControllerTest" name="testGetallRecipesReturn200" time="0.018"/>
  <testcase classname="com.org.recipe.controller.RecipeControllerTest" name="testFilter" time="0.036"/>
  <testcase classname="com.org.recipe.controller.RecipeControllerTest" name="testUpdateReturn200" time="0.009"/>
</testsuite> <!-- com.org.recipe.controller.RecipeControllerTest -->
